12.0877 	WARNING 	User requested fullscreen with size [1024  768], but screen is actually [1440, 900]. Using actual size
13.5075 	WARNING 	Couldn't measure a consistent frame rate!
  - Is your graphics card set to sync to vertical blank?
  - Are you running other processes on your computer?

13.5084 	EXP 	Created window1 = Window(allowGUI=True, allowStencil=False, autoLog=True, backendConf=UNKNOWN, backgroundFit=<method-wrapper '__getattribute__' of attributeSetter object at 0x7f9900fb27c0>, backgroundImage=<method-wrapper '__getattribute__' of attributeSetter object at 0x7f9900fb2760>, bitsMode=UNKNOWN, blendMode='avg', bpc=(8, 8, 8), color=array([0, 0, 0]), colorSpace='rgb', depthBits=8, fullscr=<method-wrapper '__getattribute__' of attributeSetter object at 0x7f9900fb2640>, gamma=None, gammaErrorPolicy='raise', lms=UNKNOWN, monitor=<psychopy.monitors.calibTools.Monitor object at 0x7f99032a7490>, multiSample=False, name='window1', numSamples=2, pos=[360.0, 225.0], screen=0, size=array([2880, 1800]), stencilBits=0, stereo=False, units='height', useFBO=True, useRetina=True, viewOri=0.0, viewPos=None, viewScale=None, waitBlanking=True, winType='pyglet')
13.5182 	EXP 	window1: mouseVisible = True
13.5182 	EXP 	window1: backgroundImage = ''
13.5183 	EXP 	window1: backgroundFit = 'none'
13.5201 	EXP 	window1: mouseVisible = False
13.5201 	EXP 	window1: Attempting to measure frame rate of screen (0) ...
13.5201 	EXP 	window1: recordFrameIntervals = False
13.5967 	EXP 	window1: recordFrameIntervals = True
14.4312 	WARNING 	Couldn't measure a consistent frame rate!
  - Is your graphics card set to sync to vertical blank?
  - Are you running other processes on your computer?

17.5864 	EXP 	Created instruction = TextStim(__class__=<class 'psychopy.visual.text.TextStim'>, alignHoriz=method-wrapper(...), alignText='center', alignVert=method-wrapper(...), anchorHoriz='center', anchorVert='center', antialias=True, autoDraw=False, autoLog=True, bold=False, color=array([1., 1., 1.]), colorSpace='rgb', contrast=1.0, depth=0.0, flipHoriz=False, flipVert=False, font='Open Sans', fontFiles=[], height=0.05, italic=False, languageStyle='LTR', name='instruction', opacity=1.0, ori=0.0, pos=array([0., 0.]), rgb=UNKNOWN, text=str(...), units='height', win=Window(...), wrapWidth=1)
17.5920 	EXP 	Created fixation = ShapeStim(__class__=<class 'psychopy.visual.shape.ShapeStim'>, anchor=('center', 'center'), autoDraw=False, autoLog=True, closeShape=True, color=method-wrapper(...), colorSpace='rgb', contrast=None, depth=-1.0, fillColor=array([1, 1, 1]), fillColorSpace='rgb', fillRGB=array([1, 1, 1]), interpolate=True, lineColor=array([1., 1., 1.]), lineColorSpace='rgb', lineRGB=array([1, 1, 1]), lineWidth=1.0, name='fixation', opacity=1.0, ori=0.0, pos=array([0., 0.]), size=array([0.1, 0.1]), units='height', vertices=ndarray(...), win=Window(...), windingRule=None)
17.5966 	EXP 	Created grating = GratingStim(__class__=<class 'psychopy.visual.grating.GratingStim'>, anchor='center', autoDraw=False, autoLog=True, blendmode='avg', color=array([0.3, 0.3, 0.3]), colorSpace='rgb', contrast=0.3, depth=-2.0, interpolate=True, mask='gauss', maskParams=None, name='grating', opacity=1.0, ori=1.0, phase=array([0., 0.]), pos=array([0., 0.]), rgbPedestal=array([0., 0., 0.]), sf=array([5., 5.]), size=array([0.3, 0.3]), tex='sin', texRes=128.0, units='height', win=Window(...))
17.6185 	WARNING 	t of last frame was 3187.54ms (=1/0)
17.6185 	EXP 	instruction: autoDraw = True
19.1333 	EXP 	Created sequence: random, trialTypes=1, nReps=200, seed=None
19.1347 	EXP 	New trial (rep=0, index=0): None
19.1508 	DATA 	Keypress: space
19.1580 	WARNING 	t of last frame was 66.02ms (=1/15)
19.1580 	EXP 	instruction: autoDraw = False
19.1580 	EXP 	grating: ori = 0.0
19.1580 	EXP 	fixation: autoDraw = True
20.1323 	EXP 	grating: autoDraw = True
20.1323 	EXP 	grating: tex = 'sin'
20.1467 	EXP 	fixation: autoDraw = False
20.4255 	EXP 	grating: autoDraw = False
20.9000 	EXP 	New trial (rep=1, index=0): None
20.9064 	DATA 	Keypress: up
20.9116 	EXP 	fixation: autoDraw = False
20.9116 	EXP 	grating: autoDraw = False
20.9116 	EXP 	grating: ori = 0.0
20.9116 	EXP 	fixation: autoDraw = True
21.8915 	EXP 	grating: autoDraw = True
21.9087 	EXP 	fixation: autoDraw = False
22.1820 	EXP 	grating: autoDraw = False
22.5661 	EXP 	New trial (rep=2, index=0): None
22.5852 	DATA 	Keypress: up
22.5901 	WARNING 	t of last frame was 31.18ms (=1/32)
22.5901 	EXP 	fixation: autoDraw = False
22.5901 	EXP 	grating: autoDraw = False
22.5901 	EXP 	grating: ori = 0.0
22.5901 	EXP 	fixation: autoDraw = True
23.5588 	EXP 	grating: autoDraw = True
23.5806 	EXP 	fixation: autoDraw = False
23.8467 	EXP 	grating: autoDraw = False
24.0985 	EXP 	New trial (rep=3, index=0): None
24.1032 	DATA 	Keypress: up
24.1083 	EXP 	fixation: autoDraw = False
24.1083 	EXP 	grating: autoDraw = False
24.1083 	EXP 	grating: ori = 0.0
24.1083 	EXP 	fixation: autoDraw = True
25.0918 	EXP 	grating: autoDraw = True
25.0973 	EXP 	fixation: autoDraw = False
25.3811 	EXP 	grating: autoDraw = False
25.8047 	EXP 	New trial (rep=4, index=0): None
25.8093 	DATA 	Keypress: up
25.8138 	EXP 	fixation: autoDraw = False
25.8138 	EXP 	grating: autoDraw = False
25.8138 	EXP 	grating: ori = 1.0
25.8138 	EXP 	fixation: autoDraw = True
26.7998 	EXP 	grating: autoDraw = True
26.8088 	EXP 	fixation: autoDraw = False
27.0975 	EXP 	grating: autoDraw = False
27.4875 	EXP 	New trial (rep=5, index=0): None
27.4922 	DATA 	Keypress: up
27.4965 	EXP 	fixation: autoDraw = False
27.4965 	EXP 	grating: autoDraw = False
27.4965 	EXP 	grating: ori = -5.0
27.4965 	EXP 	fixation: autoDraw = True
28.4825 	EXP 	grating: autoDraw = True
28.4923 	EXP 	fixation: autoDraw = False
28.7756 	EXP 	grating: autoDraw = False
29.0869 	EXP 	New trial (rep=6, index=0): None
29.0916 	DATA 	Keypress: down
29.0960 	EXP 	fixation: autoDraw = False
29.0960 	EXP 	grating: autoDraw = False
29.0960 	EXP 	grating: ori = 0.0
29.0960 	EXP 	fixation: autoDraw = True
30.0832 	EXP 	grating: autoDraw = True
30.0921 	EXP 	fixation: autoDraw = False
30.3809 	EXP 	grating: autoDraw = False
31.2494 	EXP 	New trial (rep=7, index=0): None
31.2543 	DATA 	Keypress: up
31.2594 	EXP 	fixation: autoDraw = False
31.2594 	EXP 	grating: autoDraw = False
31.2594 	EXP 	grating: ori = 0.0
31.2594 	EXP 	fixation: autoDraw = True
32.2421 	EXP 	grating: autoDraw = True
32.2476 	EXP 	fixation: autoDraw = False
32.5319 	EXP 	grating: autoDraw = False
33.1512 	EXP 	New trial (rep=8, index=0): None
33.1557 	DATA 	Keypress: down
33.1608 	EXP 	fixation: autoDraw = False
33.1608 	EXP 	grating: autoDraw = False
33.1608 	EXP 	grating: ori = -3.0
33.1608 	EXP 	fixation: autoDraw = True
34.1419 	EXP 	grating: autoDraw = True
34.1590 	EXP 	fixation: autoDraw = False
34.4319 	EXP 	grating: autoDraw = False
34.8367 	EXP 	New trial (rep=9, index=0): None
34.8420 	DATA 	Keypress: down
34.8465 	EXP 	fixation: autoDraw = False
34.8465 	EXP 	grating: autoDraw = False
34.8465 	EXP 	grating: ori = 1.0
34.8465 	EXP 	fixation: autoDraw = True
35.8328 	EXP 	grating: autoDraw = True
35.8425 	EXP 	fixation: autoDraw = False
36.1260 	EXP 	grating: autoDraw = False
36.6333 	EXP 	New trial (rep=10, index=0): None
36.6383 	DATA 	Keypress: up
36.6431 	EXP 	fixation: autoDraw = False
36.6431 	EXP 	grating: autoDraw = False
36.6431 	EXP 	grating: ori = 3.0
36.6431 	EXP 	fixation: autoDraw = True
37.6254 	EXP 	grating: autoDraw = True
37.6309 	EXP 	fixation: autoDraw = False
37.9151 	EXP 	grating: autoDraw = False
38.1983 	EXP 	New trial (rep=11, index=0): None
38.2028 	DATA 	Keypress: down
38.2079 	EXP 	fixation: autoDraw = False
38.2079 	EXP 	grating: autoDraw = False
38.2079 	EXP 	grating: ori = 4.0
38.2079 	EXP 	fixation: autoDraw = True
39.1920 	EXP 	grating: autoDraw = True
39.1972 	EXP 	fixation: autoDraw = False
39.4807 	EXP 	grating: autoDraw = False
39.8714 	EXP 	New trial (rep=12, index=0): None
39.8762 	DATA 	Keypress: down
39.8806 	EXP 	fixation: autoDraw = False
39.8806 	EXP 	grating: autoDraw = False
39.8806 	EXP 	grating: ori = 3.0
39.8806 	EXP 	fixation: autoDraw = True
40.8663 	EXP 	grating: autoDraw = True
40.8760 	EXP 	fixation: autoDraw = False
41.1651 	EXP 	grating: autoDraw = False
41.5830 	EXP 	New trial (rep=13, index=0): None
41.5877 	DATA 	Keypress: down
41.5927 	EXP 	fixation: autoDraw = False
41.5927 	EXP 	grating: autoDraw = False
41.5927 	EXP 	grating: ori = 0.0
41.5927 	EXP 	fixation: autoDraw = True
42.5754 	EXP 	grating: autoDraw = True
42.5808 	EXP 	fixation: autoDraw = False
42.8640 	EXP 	grating: autoDraw = False
43.2163 	EXP 	New trial (rep=14, index=0): None
43.2210 	DATA 	Keypress: up
43.2262 	EXP 	fixation: autoDraw = False
43.2262 	EXP 	grating: autoDraw = False
43.2262 	EXP 	grating: ori = -2.0
43.2262 	EXP 	fixation: autoDraw = True
44.2088 	EXP 	grating: autoDraw = True
44.2142 	EXP 	fixation: autoDraw = False
44.4981 	EXP 	grating: autoDraw = False
45.3835 	EXP 	New trial (rep=15, index=0): None
45.3886 	DATA 	Keypress: down
45.3933 	EXP 	fixation: autoDraw = False
45.3933 	EXP 	grating: autoDraw = False
45.3933 	EXP 	grating: ori = 0.0
45.3933 	EXP 	fixation: autoDraw = True
46.3751 	EXP 	grating: autoDraw = True
46.3927 	EXP 	fixation: autoDraw = False
46.6649 	EXP 	grating: autoDraw = False
47.1660 	EXP 	New trial (rep=16, index=0): None
47.1705 	DATA 	Keypress: up
47.1756 	EXP 	fixation: autoDraw = False
47.1756 	EXP 	grating: autoDraw = False
47.1756 	EXP 	grating: ori = -5.0
47.1756 	EXP 	fixation: autoDraw = True
48.1590 	EXP 	grating: autoDraw = True
48.1645 	EXP 	fixation: autoDraw = False
48.4481 	EXP 	grating: autoDraw = False
48.7171 	EXP 	New trial (rep=17, index=0): None
48.7220 	DATA 	Keypress: down
48.7266 	EXP 	fixation: autoDraw = False
48.7266 	EXP 	grating: autoDraw = False
48.7266 	EXP 	grating: ori = 0.0
48.7266 	EXP 	fixation: autoDraw = True
49.7090 	EXP 	grating: autoDraw = True
49.7142 	EXP 	fixation: autoDraw = False
49.9982 	EXP 	grating: autoDraw = False
50.9669 	EXP 	New trial (rep=18, index=0): None
50.9718 	DATA 	Keypress: up
50.9769 	EXP 	fixation: autoDraw = False
50.9769 	EXP 	grating: autoDraw = False
50.9769 	EXP 	grating: ori = 4.0
50.9769 	EXP 	fixation: autoDraw = True
51.9591 	EXP 	grating: autoDraw = True
51.9762 	EXP 	fixation: autoDraw = False
52.2493 	EXP 	grating: autoDraw = False
52.5397 	EXP 	New trial (rep=19, index=0): None
52.5443 	DATA 	Keypress: down
52.5488 	EXP 	fixation: autoDraw = False
52.5488 	EXP 	grating: autoDraw = False
52.5488 	EXP 	grating: ori = 0.0
52.5488 	EXP 	fixation: autoDraw = True
53.5336 	EXP 	grating: autoDraw = True
53.5427 	EXP 	fixation: autoDraw = False
53.8318 	EXP 	grating: autoDraw = False
56.2330 	EXP 	New trial (rep=20, index=0): None
56.2377 	DATA 	Keypress: down
56.2426 	EXP 	fixation: autoDraw = False
56.2426 	EXP 	grating: autoDraw = False
56.2426 	EXP 	grating: ori = -2.0
56.2426 	EXP 	fixation: autoDraw = True
57.2259 	EXP 	grating: autoDraw = True
57.2311 	EXP 	fixation: autoDraw = False
57.5153 	EXP 	grating: autoDraw = False
57.8503 	EXP 	New trial (rep=21, index=0): None
57.8554 	DATA 	Keypress: down
57.8605 	EXP 	fixation: autoDraw = False
57.8605 	EXP 	grating: autoDraw = False
57.8605 	EXP 	grating: ori = -4.0
57.8605 	EXP 	fixation: autoDraw = True
58.8428 	EXP 	grating: autoDraw = True
58.8596 	EXP 	fixation: autoDraw = False
59.1321 	EXP 	grating: autoDraw = False
59.3848 	EXP 	New trial (rep=22, index=0): None
59.3897 	DATA 	Keypress: down
59.3943 	EXP 	fixation: autoDraw = False
59.3943 	EXP 	grating: autoDraw = False
59.3943 	EXP 	grating: ori = -4.0
59.3943 	EXP 	fixation: autoDraw = True
60.3760 	EXP 	grating: autoDraw = True
60.3931 	EXP 	fixation: autoDraw = False
60.6652 	EXP 	grating: autoDraw = False
60.9161 	EXP 	New trial (rep=23, index=0): None
60.9207 	DATA 	Keypress: down
60.9255 	EXP 	fixation: autoDraw = False
60.9255 	EXP 	grating: autoDraw = False
60.9255 	EXP 	grating: ori = 0.0
60.9255 	EXP 	fixation: autoDraw = True
61.9094 	EXP 	grating: autoDraw = True
61.9149 	EXP 	fixation: autoDraw = False
62.1985 	EXP 	grating: autoDraw = False
63.9835 	EXP 	New trial (rep=24, index=0): None
63.9882 	DATA 	Keypress: up
63.9931 	EXP 	fixation: autoDraw = False
63.9931 	EXP 	grating: autoDraw = False
63.9931 	EXP 	grating: ori = 0.0
63.9931 	EXP 	fixation: autoDraw = True
64.9762 	EXP 	grating: autoDraw = True
64.9814 	EXP 	fixation: autoDraw = False
65.2658 	EXP 	grating: autoDraw = False
65.8503 	EXP 	New trial (rep=25, index=0): None
65.8550 	DATA 	Keypress: up
65.8602 	EXP 	fixation: autoDraw = False
65.8602 	EXP 	grating: autoDraw = False
65.8602 	EXP 	grating: ori = -5.0
65.8602 	EXP 	fixation: autoDraw = True
66.8428 	EXP 	grating: autoDraw = True
66.8483 	EXP 	fixation: autoDraw = False
67.1316 	EXP 	grating: autoDraw = False
67.4551 	EXP 	New trial (rep=26, index=0): None
67.4597 	DATA 	Keypress: down
67.4640 	EXP 	fixation: autoDraw = False
67.4640 	EXP 	grating: autoDraw = False
67.4640 	EXP 	grating: ori = -5.0
67.4640 	EXP 	fixation: autoDraw = True
68.4503 	EXP 	grating: autoDraw = True
68.4602 	EXP 	fixation: autoDraw = False
68.7436 	EXP 	grating: autoDraw = False
69.1667 	EXP 	New trial (rep=27, index=0): None
69.1713 	DATA 	Keypress: down
69.1765 	EXP 	fixation: autoDraw = False
69.1765 	EXP 	grating: autoDraw = False
69.1765 	EXP 	grating: ori = 0.0
69.1765 	EXP 	fixation: autoDraw = True
70.1599 	EXP 	grating: autoDraw = True
70.1655 	EXP 	fixation: autoDraw = False
70.4492 	EXP 	grating: autoDraw = False
71.0067 	EXP 	New trial (rep=28, index=0): None
71.0111 	DATA 	Keypress: up
71.0159 	EXP 	fixation: autoDraw = False
71.0159 	EXP 	grating: autoDraw = False
71.0159 	EXP 	grating: ori = 0.0
71.0159 	EXP 	fixation: autoDraw = True
72.9510 	WARNING 	t of last frame was 1067.46ms (=1/0)
72.9602 	EXP 	fixation: autoDraw = False
72.9602 	EXP 	grating: autoDraw = True
73.1184 	WARNING 	Multiple dropped frames have occurred - I'll stop bothering you about them!
73.2491 	EXP 	grating: autoDraw = False
74.6010 	EXP 	New trial (rep=29, index=0): None
74.6062 	DATA 	Keypress: up
74.6111 	EXP 	fixation: autoDraw = False
74.6111 	EXP 	grating: autoDraw = False
74.6111 	EXP 	grating: ori = -3.0
74.6111 	EXP 	fixation: autoDraw = True
75.5931 	EXP 	grating: autoDraw = True
75.6102 	EXP 	fixation: autoDraw = False
75.8822 	EXP 	grating: autoDraw = False
76.3509 	EXP 	New trial (rep=30, index=0): None
76.3557 	DATA 	Keypress: down
76.3608 	EXP 	fixation: autoDraw = False
76.3608 	EXP 	grating: autoDraw = False
76.3608 	EXP 	grating: ori = 0.0
76.3608 	EXP 	fixation: autoDraw = True
77.3431 	EXP 	grating: autoDraw = True
77.3485 	EXP 	fixation: autoDraw = False
77.6328 	EXP 	grating: autoDraw = False
78.1343 	EXP 	New trial (rep=31, index=0): None
78.1392 	DATA 	Keypress: up
78.1444 	EXP 	fixation: autoDraw = False
78.1444 	EXP 	grating: autoDraw = False
78.1444 	EXP 	grating: ori = -5.0
78.1444 	EXP 	fixation: autoDraw = True
79.1266 	EXP 	grating: autoDraw = True
79.1438 	EXP 	fixation: autoDraw = False
79.4163 	EXP 	grating: autoDraw = False
79.9672 	EXP 	New trial (rep=32, index=0): None
79.9720 	DATA 	Keypress: down
79.9769 	EXP 	fixation: autoDraw = False
79.9769 	EXP 	grating: autoDraw = False
79.9769 	EXP 	grating: ori = 0.0
79.9769 	EXP 	fixation: autoDraw = True
80.9599 	EXP 	grating: autoDraw = True
80.9655 	EXP 	fixation: autoDraw = False
81.2492 	EXP 	grating: autoDraw = False
82.4847 	EXP 	New trial (rep=33, index=0): None
82.4892 	DATA 	Keypress: up
82.4941 	EXP 	fixation: autoDraw = False
82.4941 	EXP 	grating: autoDraw = False
82.4941 	EXP 	grating: ori = 0.0
82.4941 	EXP 	fixation: autoDraw = True
83.4766 	EXP 	grating: autoDraw = True
83.4821 	EXP 	fixation: autoDraw = False
83.7657 	EXP 	grating: autoDraw = False
84.3851 	EXP 	New trial (rep=34, index=0): None
84.3902 	DATA 	Keypress: up
84.3953 	EXP 	fixation: autoDraw = False
84.3953 	EXP 	grating: autoDraw = False
84.3953 	EXP 	grating: ori = -4.0
84.3953 	EXP 	fixation: autoDraw = True
85.3767 	EXP 	grating: autoDraw = True
85.3940 	EXP 	fixation: autoDraw = False
85.6653 	EXP 	grating: autoDraw = False
86.3170 	EXP 	New trial (rep=35, index=0): None
86.3218 	DATA 	Keypress: down
86.3267 	EXP 	fixation: autoDraw = False
86.3267 	EXP 	grating: autoDraw = False
86.3267 	EXP 	grating: ori = 0.0
86.3267 	EXP 	fixation: autoDraw = True
87.3101 	EXP 	grating: autoDraw = True
87.3156 	EXP 	fixation: autoDraw = False
87.5995 	EXP 	grating: autoDraw = False
88.1513 	EXP 	New trial (rep=36, index=0): None
88.1560 	DATA 	Keypress: up
88.1612 	EXP 	fixation: autoDraw = False
88.1612 	EXP 	grating: autoDraw = False
88.1612 	EXP 	grating: ori = 0.0
88.1612 	EXP 	fixation: autoDraw = True
89.1439 	EXP 	grating: autoDraw = True
89.1493 	EXP 	fixation: autoDraw = False
89.4328 	EXP 	grating: autoDraw = False
89.7347 	EXP 	New trial (rep=37, index=0): None
89.7396 	DATA 	Keypress: up
89.7448 	EXP 	fixation: autoDraw = False
89.7448 	EXP 	grating: autoDraw = False
89.7448 	EXP 	grating: ori = -2.0
89.7448 	EXP 	fixation: autoDraw = True
90.7269 	EXP 	grating: autoDraw = True
90.7439 	EXP 	fixation: autoDraw = False
91.0161 	EXP 	grating: autoDraw = False
92.4508 	EXP 	New trial (rep=38, index=0): None
92.4556 	DATA 	Keypress: down
92.4608 	EXP 	fixation: autoDraw = False
92.4608 	EXP 	grating: autoDraw = False
92.4608 	EXP 	grating: ori = 0.0
92.4608 	EXP 	fixation: autoDraw = True
93.4437 	EXP 	grating: autoDraw = True
93.4495 	EXP 	fixation: autoDraw = False
93.7330 	EXP 	grating: autoDraw = False
94.2010 	EXP 	New trial (rep=39, index=0): None
94.2057 	DATA 	Keypress: up
94.2109 	EXP 	fixation: autoDraw = False
94.2109 	EXP 	grating: autoDraw = False
94.2109 	EXP 	grating: ori = 0.0
94.2109 	EXP 	fixation: autoDraw = True
95.1937 	EXP 	grating: autoDraw = True
95.1992 	EXP 	fixation: autoDraw = False
95.4828 	EXP 	grating: autoDraw = False
95.9173 	EXP 	New trial (rep=40, index=0): None
95.9222 	DATA 	Keypress: up
95.9274 	EXP 	fixation: autoDraw = False
95.9274 	EXP 	grating: autoDraw = False
95.9274 	EXP 	grating: ori = -1.0
95.9274 	EXP 	fixation: autoDraw = True
96.9104 	EXP 	grating: autoDraw = True
96.9155 	EXP 	fixation: autoDraw = False
97.1996 	EXP 	grating: autoDraw = False
97.6071 	EXP 	New trial (rep=41, index=0): None
97.6116 	DATA 	Keypress: up
97.6165 	EXP 	fixation: autoDraw = False
97.6165 	EXP 	grating: autoDraw = False
97.6165 	EXP 	grating: ori = 0.0
97.6165 	EXP 	fixation: autoDraw = True
98.6013 	EXP 	grating: autoDraw = True
98.6109 	EXP 	fixation: autoDraw = False
98.9002 	EXP 	grating: autoDraw = False
99.2064 	EXP 	New trial (rep=42, index=0): None
99.2112 	DATA 	Keypress: up
99.2154 	EXP 	fixation: autoDraw = False
99.2154 	EXP 	grating: autoDraw = False
99.2154 	EXP 	grating: ori = 0.0
99.2154 	EXP 	fixation: autoDraw = True
100.2009 	EXP 	grating: autoDraw = True
100.2110 	EXP 	fixation: autoDraw = False
100.4944 	EXP 	grating: autoDraw = False
100.7354 	EXP 	New trial (rep=43, index=0): None
100.7403 	DATA 	Keypress: up
100.7451 	EXP 	fixation: autoDraw = False
100.7451 	EXP 	grating: autoDraw = False
100.7451 	EXP 	grating: ori = -1.0
100.7451 	EXP 	fixation: autoDraw = True
101.7272 	EXP 	grating: autoDraw = True
101.7442 	EXP 	fixation: autoDraw = False
102.0171 	EXP 	grating: autoDraw = False
102.3249 	EXP 	New trial (rep=44, index=0): None
102.3296 	DATA 	Keypress: up
102.3344 	EXP 	fixation: autoDraw = False
102.3344 	EXP 	grating: autoDraw = False
102.3344 	EXP 	grating: ori = 0.0
102.3344 	EXP 	fixation: autoDraw = True
103.3179 	EXP 	grating: autoDraw = True
103.3277 	EXP 	fixation: autoDraw = False
103.6112 	EXP 	grating: autoDraw = False
103.9844 	EXP 	New trial (rep=45, index=0): None
103.9890 	DATA 	Keypress: up
103.9943 	EXP 	fixation: autoDraw = False
103.9943 	EXP 	grating: autoDraw = False
103.9943 	EXP 	grating: ori = -4.0
103.9943 	EXP 	fixation: autoDraw = True
104.9772 	EXP 	grating: autoDraw = True
104.9827 	EXP 	fixation: autoDraw = False
105.2672 	EXP 	grating: autoDraw = False
105.6247 	EXP 	New trial (rep=46, index=0): None
105.6292 	DATA 	Keypress: down
105.6341 	EXP 	fixation: autoDraw = False
105.6341 	EXP 	grating: autoDraw = False
105.6341 	EXP 	grating: ori = 1.0
105.6341 	EXP 	fixation: autoDraw = True
106.6184 	EXP 	grating: autoDraw = True
106.6278 	EXP 	fixation: autoDraw = False
106.9170 	EXP 	grating: autoDraw = False
107.5243 	EXP 	New trial (rep=47, index=0): None
107.5292 	DATA 	Keypress: up
107.5336 	EXP 	fixation: autoDraw = False
107.5336 	EXP 	grating: autoDraw = False
107.5336 	EXP 	grating: ori = 0.0
107.5336 	EXP 	fixation: autoDraw = True
108.5185 	EXP 	grating: autoDraw = True
108.5280 	EXP 	fixation: autoDraw = False
108.8165 	EXP 	grating: autoDraw = False
109.1025 	EXP 	New trial (rep=48, index=0): None
109.1073 	DATA 	Keypress: up
109.1123 	EXP 	fixation: autoDraw = False
109.1123 	EXP 	grating: autoDraw = False
109.1123 	EXP 	grating: ori = 0.0
109.1123 	EXP 	fixation: autoDraw = True
110.0941 	EXP 	grating: autoDraw = True
110.1112 	EXP 	fixation: autoDraw = False
110.3948 	EXP 	grating: autoDraw = False
110.6181 	EXP 	New trial (rep=49, index=0): None
110.6227 	DATA 	Keypress: up
110.6280 	EXP 	fixation: autoDraw = False
110.6280 	EXP 	grating: autoDraw = False
110.6280 	EXP 	grating: ori = 0.0
110.6280 	EXP 	fixation: autoDraw = True
111.6109 	EXP 	grating: autoDraw = True
111.6162 	EXP 	fixation: autoDraw = False
111.9005 	EXP 	grating: autoDraw = False
112.1511 	EXP 	New trial (rep=50, index=0): None
112.1558 	DATA 	Keypress: up
112.1610 	EXP 	fixation: autoDraw = False
112.1610 	EXP 	grating: autoDraw = False
112.1610 	EXP 	grating: ori = 0.0
112.1610 	EXP 	fixation: autoDraw = True
113.1442 	EXP 	grating: autoDraw = True
113.1497 	EXP 	fixation: autoDraw = False
113.4335 	EXP 	grating: autoDraw = False
113.7693 	EXP 	New trial (rep=51, index=0): None
113.7741 	DATA 	Keypress: up
113.7789 	EXP 	fixation: autoDraw = False
113.7789 	EXP 	grating: autoDraw = False
113.7789 	EXP 	grating: ori = 0.0
113.7789 	EXP 	fixation: autoDraw = True
114.7610 	EXP 	grating: autoDraw = True
114.7780 	EXP 	fixation: autoDraw = False
115.0515 	EXP 	grating: autoDraw = False
115.3854 	EXP 	New trial (rep=52, index=0): None
115.3903 	DATA 	Keypress: up
115.3954 	EXP 	fixation: autoDraw = False
115.3954 	EXP 	grating: autoDraw = False
115.3954 	EXP 	grating: ori = 0.0
115.3954 	EXP 	fixation: autoDraw = True
116.3776 	EXP 	grating: autoDraw = True
116.3949 	EXP 	fixation: autoDraw = False
116.6668 	EXP 	grating: autoDraw = False
117.0016 	EXP 	New trial (rep=53, index=0): None
117.0063 	DATA 	Keypress: up
117.0116 	EXP 	fixation: autoDraw = False
117.0116 	EXP 	grating: autoDraw = False
117.0116 	EXP 	grating: ori = 0.0
117.0116 	EXP 	fixation: autoDraw = True
117.9943 	EXP 	grating: autoDraw = True
117.9997 	EXP 	fixation: autoDraw = False
118.2838 	EXP 	grating: autoDraw = False
118.4529 	EXP 	New trial (rep=54, index=0): None
118.4578 	DATA 	Keypress: up
118.4625 	EXP 	fixation: autoDraw = False
118.4625 	EXP 	grating: autoDraw = False
118.4625 	EXP 	grating: ori = 4.0
118.4625 	EXP 	fixation: autoDraw = True
119.4444 	EXP 	grating: autoDraw = True
119.4616 	EXP 	fixation: autoDraw = False
119.7336 	EXP 	grating: autoDraw = False
120.0689 	EXP 	New trial (rep=55, index=0): None
120.0736 	DATA 	Keypress: down
120.0787 	EXP 	fixation: autoDraw = False
120.0787 	EXP 	grating: autoDraw = False
120.0787 	EXP 	grating: ori = -3.0
120.0787 	EXP 	fixation: autoDraw = True
121.0614 	EXP 	grating: autoDraw = True
121.0671 	EXP 	fixation: autoDraw = False
121.3505 	EXP 	grating: autoDraw = False
121.5854 	EXP 	New trial (rep=56, index=0): None
121.5901 	DATA 	Keypress: down
121.5953 	EXP 	fixation: autoDraw = False
121.5953 	EXP 	grating: autoDraw = False
121.5953 	EXP 	grating: ori = 0.0
121.5953 	EXP 	fixation: autoDraw = True
122.5778 	EXP 	grating: autoDraw = True
122.5837 	EXP 	fixation: autoDraw = False
122.8674 	EXP 	grating: autoDraw = False
123.1587 	EXP 	New trial (rep=57, index=0): None
123.1633 	DATA 	Keypress: up
123.1681 	EXP 	fixation: autoDraw = False
123.1681 	EXP 	grating: autoDraw = False
123.1681 	EXP 	grating: ori = 1.0
123.1681 	EXP 	fixation: autoDraw = True
124.1526 	EXP 	grating: autoDraw = True
124.1615 	EXP 	fixation: autoDraw = False
124.4502 	EXP 	grating: autoDraw = False
124.7594 	EXP 	New trial (rep=58, index=0): None
124.7640 	DATA 	Keypress: up
124.7696 	EXP 	fixation: autoDraw = False
124.7696 	EXP 	grating: autoDraw = False
124.7696 	EXP 	grating: ori = 0.0
124.7696 	EXP 	fixation: autoDraw = True
125.7526 	EXP 	grating: autoDraw = True
125.7619 	EXP 	fixation: autoDraw = False
126.0505 	EXP 	grating: autoDraw = False
126.4013 	EXP 	New trial (rep=59, index=0): None
126.4059 	DATA 	Keypress: up
126.4111 	EXP 	fixation: autoDraw = False
126.4111 	EXP 	grating: autoDraw = False
126.4111 	EXP 	grating: ori = 0.0
126.4111 	EXP 	fixation: autoDraw = True
127.3945 	EXP 	grating: autoDraw = True
127.3999 	EXP 	fixation: autoDraw = False
127.6838 	EXP 	grating: autoDraw = False
128.3744 	EXP 	New trial (rep=60, index=0): None
128.3791 	DATA 	Keypress: up
128.3838 	EXP 	fixation: autoDraw = False
128.3838 	EXP 	grating: autoDraw = False
128.3838 	EXP 	grating: ori = -1.0
128.3838 	EXP 	fixation: autoDraw = True
129.3697 	EXP 	grating: autoDraw = True
129.3783 	EXP 	fixation: autoDraw = False
129.6666 	EXP 	grating: autoDraw = False
130.0016 	EXP 	New trial (rep=61, index=0): None
130.0064 	DATA 	Keypress: up
130.0116 	EXP 	fixation: autoDraw = False
130.0116 	EXP 	grating: autoDraw = False
130.0116 	EXP 	grating: ori = -5.0
130.0116 	EXP 	fixation: autoDraw = True
130.9948 	EXP 	grating: autoDraw = True
131.0002 	EXP 	fixation: autoDraw = False
131.2838 	EXP 	grating: autoDraw = False
131.5184 	EXP 	New trial (rep=62, index=0): None
131.5231 	DATA 	Keypress: down
131.5282 	EXP 	fixation: autoDraw = False
131.5282 	EXP 	grating: autoDraw = False
131.5282 	EXP 	grating: ori = 0.0
131.5282 	EXP 	fixation: autoDraw = True
132.5113 	EXP 	grating: autoDraw = True
132.5173 	EXP 	fixation: autoDraw = False
132.8011 	EXP 	grating: autoDraw = False
133.1182 	EXP 	New trial (rep=63, index=0): None
133.1229 	DATA 	Keypress: up
133.1281 	EXP 	fixation: autoDraw = False
133.1281 	EXP 	grating: autoDraw = False
133.1281 	EXP 	grating: ori = 0.0
133.1281 	EXP 	fixation: autoDraw = True
134.1114 	EXP 	grating: autoDraw = True
134.1170 	EXP 	fixation: autoDraw = False
134.4016 	EXP 	grating: autoDraw = False
134.8087 	EXP 	New trial (rep=64, index=0): None
134.8135 	DATA 	Keypress: up
134.8180 	EXP 	fixation: autoDraw = False
134.8180 	EXP 	grating: autoDraw = False
134.8180 	EXP 	grating: ori = 0.0
134.8180 	EXP 	fixation: autoDraw = True
135.8022 	EXP 	grating: autoDraw = True
135.8121 	EXP 	fixation: autoDraw = False
136.0954 	EXP 	grating: autoDraw = False
136.2852 	EXP 	New trial (rep=65, index=0): None
136.2898 	DATA 	Keypress: up
136.2949 	EXP 	fixation: autoDraw = False
136.2949 	EXP 	grating: autoDraw = False
136.2949 	EXP 	grating: ori = 0.0
136.2949 	EXP 	fixation: autoDraw = True
137.2782 	EXP 	grating: autoDraw = True
137.2837 	EXP 	fixation: autoDraw = False
137.5670 	EXP 	grating: autoDraw = False
137.7349 	EXP 	New trial (rep=66, index=0): None
137.7397 	DATA 	Keypress: up
137.7449 	EXP 	fixation: autoDraw = False
137.7449 	EXP 	grating: autoDraw = False
137.7449 	EXP 	grating: ori = 1.0
137.7449 	EXP 	fixation: autoDraw = True
138.7285 	EXP 	grating: autoDraw = True
138.7339 	EXP 	fixation: autoDraw = False
139.0178 	EXP 	grating: autoDraw = False
139.2747 	EXP 	New trial (rep=67, index=0): None
139.2792 	DATA 	Keypress: up
139.2836 	EXP 	fixation: autoDraw = False
139.2836 	EXP 	grating: autoDraw = False
139.2836 	EXP 	grating: ori = 4.0
139.2836 	EXP 	fixation: autoDraw = True
140.2694 	EXP 	grating: autoDraw = True
140.2789 	EXP 	fixation: autoDraw = False
140.5623 	EXP 	grating: autoDraw = False
141.0079 	EXP 	New trial (rep=68, index=0): None
141.0124 	DATA 	Keypress: down
141.0168 	EXP 	fixation: autoDraw = False
141.0168 	EXP 	grating: autoDraw = False
141.0168 	EXP 	grating: ori = -3.0
141.0168 	EXP 	fixation: autoDraw = True
142.0029 	EXP 	grating: autoDraw = True
142.0121 	EXP 	fixation: autoDraw = False
142.3013 	EXP 	grating: autoDraw = False
142.6693 	EXP 	New trial (rep=69, index=0): None
142.6744 	DATA 	Keypress: down
142.6795 	EXP 	fixation: autoDraw = False
142.6795 	EXP 	grating: autoDraw = False
142.6795 	EXP 	grating: ori = -5.0
142.6795 	EXP 	fixation: autoDraw = True
143.6617 	EXP 	grating: autoDraw = True
143.6788 	EXP 	fixation: autoDraw = False
143.9504 	EXP 	grating: autoDraw = False
144.2362 	EXP 	New trial (rep=70, index=0): None
144.2409 	DATA 	Keypress: down
144.2460 	EXP 	fixation: autoDraw = False
144.2460 	EXP 	grating: autoDraw = False
144.2460 	EXP 	grating: ori = 0.0
144.2460 	EXP 	fixation: autoDraw = True
145.2287 	EXP 	grating: autoDraw = True
145.2343 	EXP 	fixation: autoDraw = False
145.5180 	EXP 	grating: autoDraw = False
146.0187 	EXP 	New trial (rep=71, index=0): None
146.0233 	DATA 	Keypress: up
146.0283 	EXP 	fixation: autoDraw = False
146.0283 	EXP 	grating: autoDraw = False
146.0283 	EXP 	grating: ori = -3.0
146.0283 	EXP 	fixation: autoDraw = True
147.0119 	EXP 	grating: autoDraw = True
147.0173 	EXP 	fixation: autoDraw = False
147.3015 	EXP 	grating: autoDraw = False
147.6859 	EXP 	New trial (rep=72, index=0): None
147.6905 	DATA 	Keypress: down
147.6956 	EXP 	fixation: autoDraw = False
147.6956 	EXP 	grating: autoDraw = False
147.6956 	EXP 	grating: ori = 0.0
147.6956 	EXP 	fixation: autoDraw = True
148.6788 	EXP 	grating: autoDraw = True
148.6843 	EXP 	fixation: autoDraw = False
148.9679 	EXP 	grating: autoDraw = False
149.3417 	EXP 	New trial (rep=73, index=0): None
149.3465 	DATA 	Keypress: up
149.3513 	EXP 	fixation: autoDraw = False
149.3513 	EXP 	grating: autoDraw = False
149.3513 	EXP 	grating: ori = -2.0
149.3513 	EXP 	fixation: autoDraw = True
150.3371 	EXP 	grating: autoDraw = True
150.3454 	EXP 	fixation: autoDraw = False
150.6345 	EXP 	grating: autoDraw = False
151.3704 	EXP 	New trial (rep=74, index=0): None
151.3753 	DATA 	Keypress: up
151.3801 	EXP 	fixation: autoDraw = False
151.3801 	EXP 	grating: autoDraw = False
151.3801 	EXP 	grating: ori = 1.0
151.3801 	EXP 	fixation: autoDraw = True
152.3620 	EXP 	grating: autoDraw = True
152.3791 	EXP 	fixation: autoDraw = False
152.6506 	EXP 	grating: autoDraw = False
153.0907 	EXP 	New trial (rep=75, index=0): None
153.0955 	DATA 	Keypress: up
153.0998 	EXP 	fixation: autoDraw = False
153.0998 	EXP 	grating: autoDraw = False
153.0998 	EXP 	grating: ori = 0.0
153.0998 	EXP 	fixation: autoDraw = True
154.0870 	EXP 	grating: autoDraw = True
154.0959 	EXP 	fixation: autoDraw = False
154.3844 	EXP 	grating: autoDraw = False
154.7034 	EXP 	New trial (rep=76, index=0): None
154.7080 	DATA 	Keypress: up
154.7126 	EXP 	fixation: autoDraw = False
154.7126 	EXP 	grating: autoDraw = False
154.7126 	EXP 	grating: ori = -1.0
154.7126 	EXP 	fixation: autoDraw = True
155.6955 	EXP 	grating: autoDraw = True
155.7010 	EXP 	fixation: autoDraw = False
155.9842 	EXP 	grating: autoDraw = False
156.2864 	EXP 	New trial (rep=77, index=0): None
156.2910 	DATA 	Keypress: up
156.2963 	EXP 	fixation: autoDraw = False
156.2963 	EXP 	grating: autoDraw = False
156.2963 	EXP 	grating: ori = 1.0
156.2963 	EXP 	fixation: autoDraw = True
157.2787 	EXP 	grating: autoDraw = True
157.2842 	EXP 	fixation: autoDraw = False
157.5678 	EXP 	grating: autoDraw = False
157.8860 	EXP 	New trial (rep=78, index=0): None
157.8908 	DATA 	Keypress: up
157.8960 	EXP 	fixation: autoDraw = False
157.8960 	EXP 	grating: autoDraw = False
157.8960 	EXP 	grating: ori = 0.0
157.8960 	EXP 	fixation: autoDraw = True
158.8788 	EXP 	grating: autoDraw = True
158.8840 	EXP 	fixation: autoDraw = False
159.1693 	EXP 	grating: autoDraw = False
159.3698 	EXP 	New trial (rep=79, index=0): None
159.3744 	DATA 	Keypress: up
159.3795 	EXP 	fixation: autoDraw = False
159.3795 	EXP 	grating: autoDraw = False
159.3795 	EXP 	grating: ori = 0.0
159.3795 	EXP 	fixation: autoDraw = True
160.3622 	EXP 	grating: autoDraw = True
160.3678 	EXP 	fixation: autoDraw = False
160.6521 	EXP 	grating: autoDraw = False
160.9006 	DATA 	Keypress: up
160.9119 	EXP 	New trial (rep=80, index=0): None
160.9195 	EXP 	fixation: autoDraw = False
160.9195 	EXP 	grating: autoDraw = False
160.9195 	EXP 	grating: ori = 0.0
160.9195 	EXP 	fixation: autoDraw = True
161.9034 	EXP 	grating: autoDraw = True
161.9127 	EXP 	fixation: autoDraw = False
162.1962 	EXP 	grating: autoDraw = False
162.3697 	EXP 	New trial (rep=81, index=0): None
162.3744 	DATA 	Keypress: up
162.3795 	EXP 	fixation: autoDraw = False
162.3795 	EXP 	grating: autoDraw = False
162.3795 	EXP 	grating: ori = -5.0
162.3795 	EXP 	fixation: autoDraw = True
163.3622 	EXP 	grating: autoDraw = True
163.3676 	EXP 	fixation: autoDraw = False
163.6514 	EXP 	grating: autoDraw = False
163.9697 	EXP 	New trial (rep=82, index=0): None
163.9742 	DATA 	Keypress: down
163.9794 	EXP 	fixation: autoDraw = False
163.9794 	EXP 	grating: autoDraw = False
163.9794 	EXP 	grating: ori = 0.0
163.9794 	EXP 	fixation: autoDraw = True
164.9622 	EXP 	grating: autoDraw = True
164.9677 	EXP 	fixation: autoDraw = False
165.2514 	EXP 	grating: autoDraw = False
165.5032 	EXP 	New trial (rep=83, index=0): None
165.5082 	DATA 	Keypress: up
165.5133 	EXP 	fixation: autoDraw = False
165.5133 	EXP 	grating: autoDraw = False
165.5133 	EXP 	grating: ori = 0.0
165.5133 	EXP 	fixation: autoDraw = True
166.4956 	EXP 	grating: autoDraw = True
166.5128 	EXP 	fixation: autoDraw = False
166.7857 	EXP 	grating: autoDraw = False
167.7363 	EXP 	New trial (rep=84, index=0): None
167.7410 	DATA 	Keypress: up
167.7461 	EXP 	fixation: autoDraw = False
167.7461 	EXP 	grating: autoDraw = False
167.7461 	EXP 	grating: ori = 0.0
167.7461 	EXP 	fixation: autoDraw = True
168.7290 	EXP 	grating: autoDraw = True
168.7345 	EXP 	fixation: autoDraw = False
169.0190 	EXP 	grating: autoDraw = False
169.4376 	EXP 	New trial (rep=85, index=0): None
169.4423 	DATA 	Keypress: up
169.4473 	EXP 	fixation: autoDraw = False
169.4473 	EXP 	grating: autoDraw = False
169.4473 	EXP 	grating: ori = 0.0
169.4473 	EXP 	fixation: autoDraw = True
170.4291 	EXP 	grating: autoDraw = True
170.4464 	EXP 	fixation: autoDraw = False
170.7184 	EXP 	grating: autoDraw = False
171.0601 	EXP 	New trial (rep=86, index=0): None
171.0647 	DATA 	Keypress: up
171.0692 	EXP 	fixation: autoDraw = False
171.0692 	EXP 	grating: autoDraw = False
171.0692 	EXP 	grating: ori = 1.0
171.0692 	EXP 	fixation: autoDraw = True
172.0541 	EXP 	grating: autoDraw = True
172.0627 	EXP 	fixation: autoDraw = False
172.3515 	EXP 	grating: autoDraw = False
172.6036 	EXP 	New trial (rep=87, index=0): None
172.6084 	DATA 	Keypress: up
172.6136 	EXP 	fixation: autoDraw = False
172.6136 	EXP 	grating: autoDraw = False
172.6136 	EXP 	grating: ori = 0.0
172.6136 	EXP 	fixation: autoDraw = True
173.5959 	EXP 	grating: autoDraw = True
173.6015 	EXP 	fixation: autoDraw = False
173.8848 	EXP 	grating: autoDraw = False
174.1194 	EXP 	New trial (rep=88, index=0): None
174.1240 	DATA 	Keypress: up
174.1293 	EXP 	fixation: autoDraw = False
174.1293 	EXP 	grating: autoDraw = False
174.1293 	EXP 	grating: ori = 0.0
174.1293 	EXP 	fixation: autoDraw = True
175.1125 	EXP 	grating: autoDraw = True
175.1180 	EXP 	fixation: autoDraw = False
175.4019 	EXP 	grating: autoDraw = False
175.5870 	EXP 	New trial (rep=89, index=0): None
175.5918 	DATA 	Keypress: up
175.5969 	EXP 	fixation: autoDraw = False
175.5969 	EXP 	grating: autoDraw = False
175.5969 	EXP 	grating: ori = 0.0
175.5969 	EXP 	fixation: autoDraw = True
176.5793 	EXP 	grating: autoDraw = True
176.5852 	EXP 	fixation: autoDraw = False
176.8683 	EXP 	grating: autoDraw = False
176.9871 	EXP 	New trial (rep=90, index=0): None
176.9920 	DATA 	Keypress: up
176.9969 	EXP 	fixation: autoDraw = False
176.9969 	EXP 	grating: autoDraw = False
176.9969 	EXP 	grating: ori = 1.0
176.9969 	EXP 	fixation: autoDraw = True
177.9794 	EXP 	grating: autoDraw = True
177.9853 	EXP 	fixation: autoDraw = False
178.2689 	EXP 	grating: autoDraw = False
178.6698 	EXP 	New trial (rep=91, index=0): None
178.6746 	DATA 	Keypress: up
178.6796 	EXP 	fixation: autoDraw = False
178.6796 	EXP 	grating: autoDraw = False
178.6796 	EXP 	grating: ori = 0.0
178.6796 	EXP 	fixation: autoDraw = True
179.6629 	EXP 	grating: autoDraw = True
179.6683 	EXP 	fixation: autoDraw = False
179.9513 	EXP 	grating: autoDraw = False
180.1916 	EXP 	New trial (rep=92, index=0): None
180.1965 	DATA 	Keypress: up
180.2006 	EXP 	fixation: autoDraw = False
180.2006 	EXP 	grating: autoDraw = False
180.2006 	EXP 	grating: ori = 4.0
180.2006 	EXP 	fixation: autoDraw = True
181.1877 	EXP 	grating: autoDraw = True
181.1966 	EXP 	fixation: autoDraw = False
181.4851 	EXP 	grating: autoDraw = False
181.7869 	EXP 	New trial (rep=93, index=0): None
181.7916 	DATA 	Keypress: down
181.7967 	EXP 	fixation: autoDraw = False
181.7967 	EXP 	grating: autoDraw = False
181.7967 	EXP 	grating: ori = 0.0
181.7967 	EXP 	fixation: autoDraw = True
182.7793 	EXP 	grating: autoDraw = True
182.7844 	EXP 	fixation: autoDraw = False
183.0689 	EXP 	grating: autoDraw = False
183.4426 	EXP 	New trial (rep=94, index=0): None
183.4471 	DATA 	Keypress: up
183.4521 	EXP 	fixation: autoDraw = False
183.4521 	EXP 	grating: autoDraw = False
183.4521 	EXP 	grating: ori = 0.0
183.4521 	EXP 	fixation: autoDraw = True
184.4348 	EXP 	grating: autoDraw = True
184.4463 	EXP 	fixation: autoDraw = False
184.7301 	EXP 	grating: autoDraw = False
185.0193 	EXP 	New trial (rep=95, index=0): None
185.0235 	DATA 	Keypress: up
185.0287 	EXP 	fixation: autoDraw = False
185.0287 	EXP 	grating: autoDraw = False
185.0287 	EXP 	grating: ori = -1.0
185.0287 	EXP 	fixation: autoDraw = True
186.0129 	EXP 	grating: autoDraw = True
186.0185 	EXP 	fixation: autoDraw = False
186.3014 	EXP 	grating: autoDraw = False
186.6872 	EXP 	New trial (rep=96, index=0): None
186.6921 	DATA 	Keypress: up
186.6972 	EXP 	fixation: autoDraw = False
186.6972 	EXP 	grating: autoDraw = False
186.6972 	EXP 	grating: ori = -5.0
186.6972 	EXP 	fixation: autoDraw = True
187.6975 	EXP 	fixation: autoDraw = False
187.6975 	EXP 	grating: autoDraw = True
187.9860 	EXP 	grating: autoDraw = False
188.4046 	EXP 	New trial (rep=97, index=0): None
188.4094 	DATA 	Keypress: down
188.4142 	EXP 	fixation: autoDraw = False
188.4142 	EXP 	grating: autoDraw = False
188.4142 	EXP 	grating: ori = 2.0
188.4142 	EXP 	fixation: autoDraw = True
189.3963 	EXP 	grating: autoDraw = True
189.4133 	EXP 	fixation: autoDraw = False
189.6858 	EXP 	grating: autoDraw = False
190.4940 	EXP 	New trial (rep=98, index=0): None
190.4988 	DATA 	Keypress: down
190.5036 	EXP 	fixation: autoDraw = False
190.5036 	EXP 	grating: autoDraw = False
190.5036 	EXP 	grating: ori = 0.0
190.5036 	EXP 	fixation: autoDraw = True
191.4880 	EXP 	grating: autoDraw = True
191.4967 	EXP 	fixation: autoDraw = False
191.7851 	EXP 	grating: autoDraw = False
192.0535 	EXP 	New trial (rep=99, index=0): None
192.0581 	DATA 	Keypress: up
192.0633 	EXP 	fixation: autoDraw = False
192.0633 	EXP 	grating: autoDraw = False
192.0633 	EXP 	grating: ori = 2.0
192.0633 	EXP 	fixation: autoDraw = True
193.0465 	EXP 	grating: autoDraw = True
193.0520 	EXP 	fixation: autoDraw = False
193.3356 	EXP 	grating: autoDraw = False
193.7201 	EXP 	New trial (rep=100, index=0): None
193.7248 	DATA 	Keypress: up
193.7300 	EXP 	fixation: autoDraw = False
193.7300 	EXP 	grating: autoDraw = False
193.7300 	EXP 	grating: ori = 0.0
193.7300 	EXP 	fixation: autoDraw = True
194.7133 	EXP 	grating: autoDraw = True
194.7188 	EXP 	fixation: autoDraw = False
195.0019 	EXP 	grating: autoDraw = False
195.2756 	EXP 	New trial (rep=101, index=0): None
195.2805 	DATA 	Keypress: up
195.2848 	EXP 	fixation: autoDraw = False
195.2848 	EXP 	grating: autoDraw = False
195.2848 	EXP 	grating: ori = 4.0
195.2848 	EXP 	fixation: autoDraw = True
196.2706 	EXP 	grating: autoDraw = True
196.2803 	EXP 	fixation: autoDraw = False
196.5638 	EXP 	grating: autoDraw = False
196.8767 	EXP 	New trial (rep=102, index=0): None
196.8812 	DATA 	Keypress: down
196.8861 	EXP 	fixation: autoDraw = False
196.8861 	EXP 	grating: autoDraw = False
196.8861 	EXP 	grating: ori = 0.0
196.8861 	EXP 	fixation: autoDraw = True
197.8713 	EXP 	grating: autoDraw = True
197.8802 	EXP 	fixation: autoDraw = False
198.1703 	EXP 	grating: autoDraw = False
198.4373 	EXP 	New trial (rep=103, index=0): None
198.4419 	DATA 	Keypress: up
198.4469 	EXP 	fixation: autoDraw = False
198.4469 	EXP 	grating: autoDraw = False
198.4469 	EXP 	grating: ori = 0.0
198.4469 	EXP 	fixation: autoDraw = True
199.4300 	EXP 	grating: autoDraw = True
199.4355 	EXP 	fixation: autoDraw = False
199.7190 	EXP 	grating: autoDraw = False
200.0444 	EXP 	New trial (rep=104, index=0): None
200.0490 	DATA 	Keypress: up
200.0538 	EXP 	fixation: autoDraw = False
200.0538 	EXP 	grating: autoDraw = False
200.0538 	EXP 	grating: ori = 1.0
200.0538 	EXP 	fixation: autoDraw = True
201.0388 	EXP 	grating: autoDraw = True
201.0466 	EXP 	fixation: autoDraw = False
201.3362 	EXP 	grating: autoDraw = False
201.5878 	EXP 	New trial (rep=105, index=0): None
201.5925 	DATA 	Keypress: up
201.5975 	EXP 	fixation: autoDraw = False
201.5975 	EXP 	grating: autoDraw = False
201.5975 	EXP 	grating: ori = 0.0
201.5975 	EXP 	fixation: autoDraw = True
202.5799 	EXP 	grating: autoDraw = True
202.5854 	EXP 	fixation: autoDraw = False
202.8692 	EXP 	grating: autoDraw = False
203.0213 	EXP 	New trial (rep=106, index=0): None
203.0262 	DATA 	Keypress: up
203.0312 	EXP 	fixation: autoDraw = False
203.0312 	EXP 	grating: autoDraw = False
203.0312 	EXP 	grating: ori = 1.0
203.0312 	EXP 	fixation: autoDraw = True
204.0133 	EXP 	grating: autoDraw = True
204.0307 	EXP 	fixation: autoDraw = False
204.3033 	EXP 	grating: autoDraw = False
204.5871 	EXP 	New trial (rep=107, index=0): None
204.5918 	DATA 	Keypress: up
204.5968 	EXP 	fixation: autoDraw = False
204.5968 	EXP 	grating: autoDraw = False
204.5968 	EXP 	grating: ori = 0.0
204.5968 	EXP 	fixation: autoDraw = True
205.5800 	EXP 	grating: autoDraw = True
205.5855 	EXP 	fixation: autoDraw = False
205.8694 	EXP 	grating: autoDraw = False
206.1543 	EXP 	New trial (rep=108, index=0): None
206.1590 	DATA 	Keypress: up
206.1642 	EXP 	fixation: autoDraw = False
206.1642 	EXP 	grating: autoDraw = False
206.1642 	EXP 	grating: ori = -4.0
206.1642 	EXP 	fixation: autoDraw = True
207.1467 	EXP 	grating: autoDraw = True
207.1522 	EXP 	fixation: autoDraw = False
207.4362 	EXP 	grating: autoDraw = False
207.7211 	EXP 	New trial (rep=109, index=0): None
207.7258 	DATA 	Keypress: down
207.7311 	EXP 	fixation: autoDraw = False
207.7311 	EXP 	grating: autoDraw = False
207.7311 	EXP 	grating: ori = 0.0
207.7311 	EXP 	fixation: autoDraw = True
208.7135 	EXP 	grating: autoDraw = True
208.7187 	EXP 	fixation: autoDraw = False
209.0027 	EXP 	grating: autoDraw = False
209.2712 	EXP 	New trial (rep=110, index=0): None
209.2759 	DATA 	Keypress: up
209.2811 	EXP 	fixation: autoDraw = False
209.2811 	EXP 	grating: autoDraw = False
209.2811 	EXP 	grating: ori = 3.0
209.2811 	EXP 	fixation: autoDraw = True
210.2635 	EXP 	grating: autoDraw = True
210.2690 	EXP 	fixation: autoDraw = False
210.5526 	EXP 	grating: autoDraw = False
211.1046 	EXP 	New trial (rep=111, index=0): None
211.1093 	DATA 	Keypress: down
211.1145 	EXP 	fixation: autoDraw = False
211.1145 	EXP 	grating: autoDraw = False
211.1145 	EXP 	grating: ori = -1.0
211.1145 	EXP 	fixation: autoDraw = True
212.0969 	EXP 	grating: autoDraw = True
212.1141 	EXP 	fixation: autoDraw = False
212.3865 	EXP 	grating: autoDraw = False
212.6769 	EXP 	New trial (rep=112, index=0): None
212.6815 	DATA 	Keypress: up
212.6862 	EXP 	fixation: autoDraw = False
212.6862 	EXP 	grating: autoDraw = False
212.6862 	EXP 	grating: ori = 0.0
212.6862 	EXP 	fixation: autoDraw = True
213.6711 	EXP 	grating: autoDraw = True
213.6808 	EXP 	fixation: autoDraw = False
213.9642 	EXP 	grating: autoDraw = False
214.5057 	EXP 	New trial (rep=113, index=0): None
214.5104 	DATA 	Keypress: up
214.5151 	EXP 	fixation: autoDraw = False
214.5151 	EXP 	grating: autoDraw = False
214.5151 	EXP 	grating: ori = 0.0
214.5151 	EXP 	fixation: autoDraw = True
215.4972 	EXP 	grating: autoDraw = True
215.5141 	EXP 	fixation: autoDraw = False
215.7865 	EXP 	grating: autoDraw = False
216.0381 	EXP 	New trial (rep=114, index=0): None
216.0428 	DATA 	Keypress: up
216.0478 	EXP 	fixation: autoDraw = False
216.0478 	EXP 	grating: autoDraw = False
216.0478 	EXP 	grating: ori = -4.0
216.0478 	EXP 	fixation: autoDraw = True
217.0303 	EXP 	grating: autoDraw = True
217.0358 	EXP 	fixation: autoDraw = False
217.3198 	EXP 	grating: autoDraw = False
217.6273 	EXP 	New trial (rep=115, index=0): None
217.6317 	DATA 	Keypress: down
217.6362 	EXP 	fixation: autoDraw = False
217.6362 	EXP 	grating: autoDraw = False
217.6362 	EXP 	grating: ori = 3.0
217.6362 	EXP 	fixation: autoDraw = True
218.6207 	EXP 	grating: autoDraw = True
218.6309 	EXP 	fixation: autoDraw = False
218.9141 	EXP 	grating: autoDraw = False
219.2894 	EXP 	New trial (rep=116, index=0): None
219.2944 	DATA 	Keypress: down
219.2994 	EXP 	fixation: autoDraw = False
219.2994 	EXP 	grating: autoDraw = False
219.2994 	EXP 	grating: ori = -5.0
219.2994 	EXP 	fixation: autoDraw = True
220.2804 	EXP 	grating: autoDraw = True
220.2977 	EXP 	fixation: autoDraw = False
220.5695 	EXP 	grating: autoDraw = False
220.8771 	EXP 	New trial (rep=117, index=0): None
220.8818 	DATA 	Keypress: down
220.8861 	EXP 	fixation: autoDraw = False
220.8861 	EXP 	grating: autoDraw = False
220.8861 	EXP 	grating: ori = -2.0
220.8861 	EXP 	fixation: autoDraw = True
221.8716 	EXP 	grating: autoDraw = True
221.8809 	EXP 	fixation: autoDraw = False
222.1700 	EXP 	grating: autoDraw = False
222.5042 	EXP 	New trial (rep=118, index=0): None
222.5089 	DATA 	Keypress: down
222.5140 	EXP 	fixation: autoDraw = False
222.5140 	EXP 	grating: autoDraw = False
222.5140 	EXP 	grating: ori = 1.0
222.5140 	EXP 	fixation: autoDraw = True
223.4972 	EXP 	grating: autoDraw = True
223.5023 	EXP 	fixation: autoDraw = False
223.7858 	EXP 	grating: autoDraw = False
224.6263 	EXP 	New trial (rep=119, index=0): None
224.6310 	DATA 	Keypress: up
224.6354 	EXP 	fixation: autoDraw = False
224.6354 	EXP 	grating: autoDraw = False
224.6354 	EXP 	grating: ori = -3.0
224.6354 	EXP 	fixation: autoDraw = True
225.6213 	EXP 	grating: autoDraw = True
225.6311 	EXP 	fixation: autoDraw = False
225.9192 	EXP 	grating: autoDraw = False
226.1282 	EXP 	New trial (rep=120, index=0): None
226.1327 	DATA 	Keypress: down
226.1375 	EXP 	fixation: autoDraw = False
226.1375 	EXP 	grating: autoDraw = False
226.1375 	EXP 	grating: ori = -5.0
226.1375 	EXP 	fixation: autoDraw = True
227.1216 	EXP 	grating: autoDraw = True
227.1311 	EXP 	fixation: autoDraw = False
227.4201 	EXP 	grating: autoDraw = False
227.6710 	EXP 	New trial (rep=121, index=0): None
227.6757 	DATA 	Keypress: down
227.6807 	EXP 	fixation: autoDraw = False
227.6807 	EXP 	grating: autoDraw = False
227.6807 	EXP 	grating: ori = 4.0
227.6807 	EXP 	fixation: autoDraw = True
228.6640 	EXP 	grating: autoDraw = True
228.6696 	EXP 	fixation: autoDraw = False
228.9532 	EXP 	grating: autoDraw = False
229.1763 	EXP 	New trial (rep=122, index=0): None
229.1812 	DATA 	Keypress: down
229.1856 	EXP 	fixation: autoDraw = False
229.1856 	EXP 	grating: autoDraw = False
229.1856 	EXP 	grating: ori = 1.0
229.1856 	EXP 	fixation: autoDraw = True
230.1717 	EXP 	grating: autoDraw = True
230.1811 	EXP 	fixation: autoDraw = False
230.4693 	EXP 	grating: autoDraw = False
231.1770 	EXP 	New trial (rep=123, index=0): None
231.1816 	DATA 	Keypress: up
231.1861 	EXP 	fixation: autoDraw = False
231.1861 	EXP 	grating: autoDraw = False
231.1861 	EXP 	grating: ori = -3.0
231.1861 	EXP 	fixation: autoDraw = True
232.1722 	EXP 	grating: autoDraw = True
232.1810 	EXP 	fixation: autoDraw = False
232.4703 	EXP 	grating: autoDraw = False
232.6382 	EXP 	New trial (rep=124, index=0): None
232.6430 	DATA 	Keypress: down
232.6483 	EXP 	fixation: autoDraw = False
232.6483 	EXP 	grating: autoDraw = False
232.6483 	EXP 	grating: ori = 0.0
232.6483 	EXP 	fixation: autoDraw = True
233.6309 	EXP 	grating: autoDraw = True
233.6365 	EXP 	fixation: autoDraw = False
233.9200 	EXP 	grating: autoDraw = False
234.4385 	EXP 	New trial (rep=125, index=0): None
234.4431 	DATA 	Keypress: up
234.4483 	EXP 	fixation: autoDraw = False
234.4483 	EXP 	grating: autoDraw = False
234.4483 	EXP 	grating: ori = 3.0
234.4483 	EXP 	fixation: autoDraw = True
235.4313 	EXP 	grating: autoDraw = True
235.4367 	EXP 	fixation: autoDraw = False
235.7200 	EXP 	grating: autoDraw = False
236.5213 	EXP 	New trial (rep=126, index=0): None
236.5262 	DATA 	Keypress: down
236.5313 	EXP 	fixation: autoDraw = False
236.5313 	EXP 	grating: autoDraw = False
236.5313 	EXP 	grating: ori = 0.0
236.5313 	EXP 	fixation: autoDraw = True
237.5142 	EXP 	grating: autoDraw = True
237.5196 	EXP 	fixation: autoDraw = False
237.8028 	EXP 	grating: autoDraw = False
238.1934 	EXP 	New trial (rep=127, index=0): None
238.1980 	DATA 	Keypress: up
238.2024 	EXP 	fixation: autoDraw = False
238.2024 	EXP 	grating: autoDraw = False
238.2024 	EXP 	grating: ori = -5.0
238.2024 	EXP 	fixation: autoDraw = True
239.1884 	EXP 	grating: autoDraw = True
239.1980 	EXP 	fixation: autoDraw = False
239.4862 	EXP 	grating: autoDraw = False
239.7553 	EXP 	New trial (rep=128, index=0): None
239.7605 	DATA 	Keypress: down
239.7654 	EXP 	fixation: autoDraw = False
239.7654 	EXP 	grating: autoDraw = False
239.7654 	EXP 	grating: ori = -4.0
239.7654 	EXP 	fixation: autoDraw = True
240.7476 	EXP 	grating: autoDraw = True
240.7648 	EXP 	fixation: autoDraw = False
241.0369 	EXP 	grating: autoDraw = False
241.4047 	EXP 	New trial (rep=129, index=0): None
241.4095 	DATA 	Keypress: down
241.4143 	EXP 	fixation: autoDraw = False
241.4143 	EXP 	grating: autoDraw = False
241.4143 	EXP 	grating: ori = 0.0
241.4143 	EXP 	fixation: autoDraw = True
242.3977 	EXP 	grating: autoDraw = True
242.4031 	EXP 	fixation: autoDraw = False
242.6874 	EXP 	grating: autoDraw = False
243.4723 	EXP 	New trial (rep=130, index=0): None
243.4770 	DATA 	Keypress: up
243.4821 	EXP 	fixation: autoDraw = False
243.4821 	EXP 	grating: autoDraw = False
243.4821 	EXP 	grating: ori = -1.0
243.4821 	EXP 	fixation: autoDraw = True
244.4645 	EXP 	grating: autoDraw = True
244.4699 	EXP 	fixation: autoDraw = False
244.7538 	EXP 	grating: autoDraw = False
246.2716 	EXP 	New trial (rep=131, index=0): None
246.2764 	DATA 	Keypress: down
246.2817 	EXP 	fixation: autoDraw = False
246.2817 	EXP 	grating: autoDraw = False
246.2817 	EXP 	grating: ori = 0.0
246.2817 	EXP 	fixation: autoDraw = True
247.2645 	EXP 	grating: autoDraw = True
247.2700 	EXP 	fixation: autoDraw = False
247.5536 	EXP 	grating: autoDraw = False
250.1394 	EXP 	New trial (rep=132, index=0): None
250.1447 	DATA 	Keypress: down
250.1493 	EXP 	fixation: autoDraw = False
250.1493 	EXP 	grating: autoDraw = False
250.1493 	EXP 	grating: ori = 0.0
250.1493 	EXP 	fixation: autoDraw = True
251.1312 	EXP 	grating: autoDraw = True
251.1485 	EXP 	fixation: autoDraw = False
251.4209 	EXP 	grating: autoDraw = False
251.8216 	EXP 	New trial (rep=133, index=0): None
251.8263 	DATA 	Keypress: up
251.8310 	EXP 	fixation: autoDraw = False
251.8310 	EXP 	grating: autoDraw = False
251.8310 	EXP 	grating: ori = 3.0
251.8310 	EXP 	fixation: autoDraw = True
252.8145 	EXP 	grating: autoDraw = True
252.8204 	EXP 	fixation: autoDraw = False
253.1042 	EXP 	grating: autoDraw = False
253.3892 	EXP 	New trial (rep=134, index=0): None
253.3940 	DATA 	Keypress: down
253.3991 	EXP 	fixation: autoDraw = False
253.3991 	EXP 	grating: autoDraw = False
253.3991 	EXP 	grating: ori = 0.0
253.3991 	EXP 	fixation: autoDraw = True
254.3815 	EXP 	grating: autoDraw = True
254.3871 	EXP 	fixation: autoDraw = False
254.6706 	EXP 	grating: autoDraw = False
255.3056 	EXP 	New trial (rep=135, index=0): None
255.3104 	DATA 	Keypress: up
255.3156 	EXP 	fixation: autoDraw = False
255.3156 	EXP 	grating: autoDraw = False
255.3156 	EXP 	grating: ori = -3.0
255.3156 	EXP 	fixation: autoDraw = True
256.2980 	EXP 	grating: autoDraw = True
256.3033 	EXP 	fixation: autoDraw = False
256.5871 	EXP 	grating: autoDraw = False
256.9054 	EXP 	New trial (rep=136, index=0): None
256.9105 	DATA 	Keypress: down
256.9160 	EXP 	fixation: autoDraw = False
256.9160 	EXP 	grating: autoDraw = False
256.9160 	EXP 	grating: ori = -4.0
256.9160 	EXP 	fixation: autoDraw = True
257.8981 	EXP 	grating: autoDraw = True
257.9151 	EXP 	fixation: autoDraw = False
258.1881 	EXP 	grating: autoDraw = False
258.5224 	EXP 	New trial (rep=137, index=0): None
258.5272 	DATA 	Keypress: down
258.5322 	EXP 	fixation: autoDraw = False
258.5322 	EXP 	grating: autoDraw = False
258.5322 	EXP 	grating: ori = 0.0
258.5322 	EXP 	fixation: autoDraw = True
259.5149 	EXP 	grating: autoDraw = True
259.5204 	EXP 	fixation: autoDraw = False
259.8037 	EXP 	grating: autoDraw = False
260.8946 	EXP 	New trial (rep=138, index=0): None
260.8995 	DATA 	Keypress: down
260.9039 	EXP 	fixation: autoDraw = False
260.9039 	EXP 	grating: autoDraw = False
260.9039 	EXP 	grating: ori = 4.0
260.9039 	EXP 	fixation: autoDraw = True
261.8888 	EXP 	grating: autoDraw = True
261.8987 	EXP 	fixation: autoDraw = False
262.1824 	EXP 	grating: autoDraw = False
262.5441 	EXP 	New trial (rep=139, index=0): None
262.5489 	DATA 	Keypress: down
262.5533 	EXP 	fixation: autoDraw = False
262.5533 	EXP 	grating: autoDraw = False
262.5533 	EXP 	grating: ori = 0.0
262.5533 	EXP 	fixation: autoDraw = True
263.5393 	EXP 	grating: autoDraw = True
263.5488 	EXP 	fixation: autoDraw = False
263.8372 	EXP 	grating: autoDraw = False
264.4555 	EXP 	New trial (rep=140, index=0): None
264.4604 	DATA 	Keypress: up
264.4651 	EXP 	fixation: autoDraw = False
264.4651 	EXP 	grating: autoDraw = False
264.4651 	EXP 	grating: ori = 0.0
264.4651 	EXP 	fixation: autoDraw = True
265.4482 	EXP 	grating: autoDraw = True
265.4537 	EXP 	fixation: autoDraw = False
265.7378 	EXP 	grating: autoDraw = False
267.6563 	EXP 	New trial (rep=141, index=0): None
267.6613 	DATA 	Keypress: up
267.6662 	EXP 	fixation: autoDraw = False
267.6662 	EXP 	grating: autoDraw = False
267.6662 	EXP 	grating: ori = 1.0
267.6662 	EXP 	fixation: autoDraw = True
268.6483 	EXP 	grating: autoDraw = True
268.6654 	EXP 	fixation: autoDraw = False
268.9374 	EXP 	grating: autoDraw = False
269.3392 	EXP 	New trial (rep=142, index=0): None
269.3436 	DATA 	Keypress: up
269.3486 	EXP 	fixation: autoDraw = False
269.3486 	EXP 	grating: autoDraw = False
269.3486 	EXP 	grating: ori = 0.0
269.3486 	EXP 	fixation: autoDraw = True
270.3318 	EXP 	grating: autoDraw = True
270.3373 	EXP 	fixation: autoDraw = False
270.6221 	EXP 	grating: autoDraw = False
271.0563 	EXP 	New trial (rep=143, index=0): None
271.0611 	DATA 	Keypress: up
271.0663 	EXP 	fixation: autoDraw = False
271.0663 	EXP 	grating: autoDraw = False
271.0663 	EXP 	grating: ori = -5.0
271.0663 	EXP 	fixation: autoDraw = True
272.0487 	EXP 	grating: autoDraw = True
272.0541 	EXP 	fixation: autoDraw = False
272.3374 	EXP 	grating: autoDraw = False
272.6394 	EXP 	New trial (rep=144, index=0): None
272.6441 	DATA 	Keypress: down
272.6488 	EXP 	fixation: autoDraw = False
272.6488 	EXP 	grating: autoDraw = False
272.6488 	EXP 	grating: ori = 4.0
272.6488 	EXP 	fixation: autoDraw = True
273.6320 	EXP 	grating: autoDraw = True
273.6379 	EXP 	fixation: autoDraw = False
273.9210 	EXP 	grating: autoDraw = False
274.3391 	EXP 	New trial (rep=145, index=0): None
274.3438 	DATA 	Keypress: down
274.3491 	EXP 	fixation: autoDraw = False
274.3491 	EXP 	grating: autoDraw = False
274.3491 	EXP 	grating: ori = -5.0
274.3491 	EXP 	fixation: autoDraw = True
275.3319 	EXP 	grating: autoDraw = True
275.3374 	EXP 	fixation: autoDraw = False
275.6214 	EXP 	grating: autoDraw = False
276.0237 	EXP 	New trial (rep=146, index=0): None
276.0283 	DATA 	Keypress: down
276.0330 	EXP 	fixation: autoDraw = False
276.0330 	EXP 	grating: autoDraw = False
276.0330 	EXP 	grating: ori = 0.0
276.0330 	EXP 	fixation: autoDraw = True
277.0155 	EXP 	grating: autoDraw = True
277.0211 	EXP 	fixation: autoDraw = False
277.3046 	EXP 	grating: autoDraw = False
277.7397 	EXP 	New trial (rep=147, index=0): None
277.7445 	DATA 	Keypress: up
277.7497 	EXP 	fixation: autoDraw = False
277.7497 	EXP 	grating: autoDraw = False
277.7497 	EXP 	grating: ori = 0.0
277.7497 	EXP 	fixation: autoDraw = True
278.7320 	EXP 	grating: autoDraw = True
278.7375 	EXP 	fixation: autoDraw = False
279.0217 	EXP 	grating: autoDraw = False
279.4104 	EXP 	New trial (rep=148, index=0): None
279.4150 	DATA 	Keypress: up
279.4194 	EXP 	fixation: autoDraw = False
279.4194 	EXP 	grating: autoDraw = False
279.4194 	EXP 	grating: ori = 0.0
279.4194 	EXP 	fixation: autoDraw = True
280.4068 	EXP 	grating: autoDraw = True
280.4154 	EXP 	fixation: autoDraw = False
280.7051 	EXP 	grating: autoDraw = False
280.9564 	EXP 	New trial (rep=149, index=0): None
280.9614 	DATA 	Keypress: up
280.9661 	EXP 	fixation: autoDraw = False
280.9661 	EXP 	grating: autoDraw = False
280.9661 	EXP 	grating: ori = -4.0
280.9661 	EXP 	fixation: autoDraw = True
281.9487 	EXP 	grating: autoDraw = True
281.9542 	EXP 	fixation: autoDraw = False
282.2385 	EXP 	grating: autoDraw = False
282.5558 	EXP 	New trial (rep=150, index=0): None
282.5605 	DATA 	Keypress: down
282.5656 	EXP 	fixation: autoDraw = False
282.5656 	EXP 	grating: autoDraw = False
282.5656 	EXP 	grating: ori = 0.0
282.5656 	EXP 	fixation: autoDraw = True
283.5488 	EXP 	grating: autoDraw = True
283.5544 	EXP 	fixation: autoDraw = False
283.8376 	EXP 	grating: autoDraw = False
284.1390 	EXP 	New trial (rep=151, index=0): None
284.1436 	DATA 	Keypress: up
284.1489 	EXP 	fixation: autoDraw = False
284.1489 	EXP 	grating: autoDraw = False
284.1489 	EXP 	grating: ori = 0.0
284.1489 	EXP 	fixation: autoDraw = True
285.1321 	EXP 	grating: autoDraw = True
285.1377 	EXP 	fixation: autoDraw = False
285.4212 	EXP 	grating: autoDraw = False
285.7906 	EXP 	New trial (rep=152, index=0): None
285.7955 	DATA 	Keypress: up
285.8002 	EXP 	fixation: autoDraw = False
285.8002 	EXP 	grating: autoDraw = False
285.8002 	EXP 	grating: ori = 0.0
285.8002 	EXP 	fixation: autoDraw = True
286.7822 	EXP 	grating: autoDraw = True
286.7994 	EXP 	fixation: autoDraw = False
287.0717 	EXP 	grating: autoDraw = False
287.2733 	EXP 	New trial (rep=153, index=0): None
287.2778 	DATA 	Keypress: up
287.2828 	EXP 	fixation: autoDraw = False
287.2828 	EXP 	grating: autoDraw = False
287.2828 	EXP 	grating: ori = 0.0
287.2828 	EXP 	fixation: autoDraw = True
288.2655 	EXP 	grating: autoDraw = True
288.2710 	EXP 	fixation: autoDraw = False
288.5547 	EXP 	grating: autoDraw = False
288.8225 	EXP 	New trial (rep=154, index=0): None
288.8272 	DATA 	Keypress: up
288.8324 	EXP 	fixation: autoDraw = False
288.8324 	EXP 	grating: autoDraw = False
288.8324 	EXP 	grating: ori = 0.0
288.8324 	EXP 	fixation: autoDraw = True
289.8156 	EXP 	grating: autoDraw = True
289.8211 	EXP 	fixation: autoDraw = False
290.1048 	EXP 	grating: autoDraw = False
290.3565 	EXP 	New trial (rep=155, index=0): None
290.3611 	DATA 	Keypress: up
290.3661 	EXP 	fixation: autoDraw = False
290.3661 	EXP 	grating: autoDraw = False
290.3661 	EXP 	grating: ori = 4.0
290.3661 	EXP 	fixation: autoDraw = True
291.3492 	EXP 	grating: autoDraw = True
291.3547 	EXP 	fixation: autoDraw = False
291.6386 	EXP 	grating: autoDraw = False
291.9793 	EXP 	New trial (rep=156, index=0): None
291.9838 	DATA 	Keypress: down
291.9887 	EXP 	fixation: autoDraw = False
291.9887 	EXP 	grating: autoDraw = False
291.9887 	EXP 	grating: ori = 2.0
291.9887 	EXP 	fixation: autoDraw = True
292.9733 	EXP 	grating: autoDraw = True
292.9829 	EXP 	fixation: autoDraw = False
293.2664 	EXP 	grating: autoDraw = False
293.8064 	EXP 	New trial (rep=157, index=0): None
293.8112 	DATA 	Keypress: down
293.8163 	EXP 	fixation: autoDraw = False
293.8163 	EXP 	grating: autoDraw = False
293.8163 	EXP 	grating: ori = -3.0
293.8163 	EXP 	fixation: autoDraw = True
294.7990 	EXP 	grating: autoDraw = True
294.8043 	EXP 	fixation: autoDraw = False
295.0881 	EXP 	grating: autoDraw = False
295.3903 	EXP 	New trial (rep=158, index=0): None
295.3950 	DATA 	Keypress: down
295.4001 	EXP 	fixation: autoDraw = False
295.4001 	EXP 	grating: autoDraw = False
295.4001 	EXP 	grating: ori = 0.0
295.4001 	EXP 	fixation: autoDraw = True
296.3824 	EXP 	grating: autoDraw = True
296.3996 	EXP 	fixation: autoDraw = False
296.6722 	EXP 	grating: autoDraw = False
297.0904 	EXP 	New trial (rep=159, index=0): None
297.0951 	DATA 	Keypress: up
297.0997 	EXP 	fixation: autoDraw = False
297.0997 	EXP 	grating: autoDraw = False
297.0997 	EXP 	grating: ori = -4.0
297.0997 	EXP 	fixation: autoDraw = True
298.0824 	EXP 	grating: autoDraw = True
298.0878 	EXP 	fixation: autoDraw = False
298.3718 	EXP 	grating: autoDraw = False
298.8393 	EXP 	New trial (rep=160, index=0): None
298.8439 	DATA 	Keypress: down
298.8493 	EXP 	fixation: autoDraw = False
298.8493 	EXP 	grating: autoDraw = False
298.8493 	EXP 	grating: ori = 0.0
298.8493 	EXP 	fixation: autoDraw = True
299.8328 	EXP 	grating: autoDraw = True
299.8382 	EXP 	fixation: autoDraw = False
300.1218 	EXP 	grating: autoDraw = False
300.4615 	EXP 	New trial (rep=161, index=0): None
300.4662 	DATA 	Keypress: up
300.4705 	EXP 	fixation: autoDraw = False
300.4705 	EXP 	grating: autoDraw = False
300.4705 	EXP 	grating: ori = 0.0
300.4705 	EXP 	fixation: autoDraw = True
301.4573 	EXP 	grating: autoDraw = True
301.4662 	EXP 	fixation: autoDraw = False
301.7550 	EXP 	grating: autoDraw = False
307.3791 	EXP 	New trial (rep=162, index=0): None
307.3838 	DATA 	Keypress: down
307.3881 	EXP 	fixation: autoDraw = False
307.3881 	EXP 	grating: autoDraw = False
307.3881 	EXP 	grating: ori = 2.0
307.3881 	EXP 	fixation: autoDraw = True
308.3740 	EXP 	grating: autoDraw = True
308.3833 	EXP 	fixation: autoDraw = False
308.6713 	EXP 	grating: autoDraw = False
309.5573 	EXP 	New trial (rep=163, index=0): None
309.5623 	DATA 	Keypress: down
309.5673 	EXP 	fixation: autoDraw = False
309.5673 	EXP 	grating: autoDraw = False
309.5673 	EXP 	grating: ori = 0.0
309.5673 	EXP 	fixation: autoDraw = True
310.5497 	EXP 	grating: autoDraw = True
310.5552 	EXP 	fixation: autoDraw = False
310.8389 	EXP 	grating: autoDraw = False
311.4626 	EXP 	New trial (rep=164, index=0): None
311.4675 	DATA 	Keypress: up
311.4723 	EXP 	fixation: autoDraw = False
311.4723 	EXP 	grating: autoDraw = False
311.4723 	EXP 	grating: ori = 0.0
311.4723 	EXP 	fixation: autoDraw = True
312.4572 	EXP 	grating: autoDraw = True
312.4666 	EXP 	fixation: autoDraw = False
312.7549 	EXP 	grating: autoDraw = False
313.0405 	EXP 	New trial (rep=165, index=0): None
313.0452 	DATA 	Keypress: up
313.0501 	EXP 	fixation: autoDraw = False
313.0501 	EXP 	grating: autoDraw = False
313.0501 	EXP 	grating: ori = 4.0
313.0501 	EXP 	fixation: autoDraw = True
314.0332 	EXP 	grating: autoDraw = True
314.0386 	EXP 	fixation: autoDraw = False
314.3224 	EXP 	grating: autoDraw = False
314.7461 	EXP 	New trial (rep=166, index=0): None
314.7508 	DATA 	Keypress: down
314.7556 	EXP 	fixation: autoDraw = False
314.7556 	EXP 	grating: autoDraw = False
314.7556 	EXP 	grating: ori = 0.0
314.7556 	EXP 	fixation: autoDraw = True
315.7403 	EXP 	grating: autoDraw = True
315.7502 	EXP 	fixation: autoDraw = False
316.0388 	EXP 	grating: autoDraw = False
316.3408 	EXP 	New trial (rep=167, index=0): None
316.3454 	DATA 	Keypress: up
316.3506 	EXP 	fixation: autoDraw = False
316.3506 	EXP 	grating: autoDraw = False
316.3506 	EXP 	grating: ori = 0.0
316.3506 	EXP 	fixation: autoDraw = True
317.3329 	EXP 	grating: autoDraw = True
317.3501 	EXP 	fixation: autoDraw = False
317.6223 	EXP 	grating: autoDraw = False
317.9454 	EXP 	New trial (rep=168, index=0): None
317.9500 	DATA 	Keypress: up
317.9543 	EXP 	fixation: autoDraw = False
317.9543 	EXP 	grating: autoDraw = False
317.9543 	EXP 	grating: ori = 1.0
317.9543 	EXP 	fixation: autoDraw = True
318.9408 	EXP 	grating: autoDraw = True
318.9502 	EXP 	fixation: autoDraw = False
319.2392 	EXP 	grating: autoDraw = False
319.4123 	EXP 	New trial (rep=169, index=0): None
319.4169 	DATA 	Keypress: up
319.4212 	EXP 	fixation: autoDraw = False
319.4212 	EXP 	grating: autoDraw = False
319.4212 	EXP 	grating: ori = 4.0
319.4212 	EXP 	fixation: autoDraw = True
320.4080 	EXP 	grating: autoDraw = True
320.4166 	EXP 	fixation: autoDraw = False
320.7055 	EXP 	grating: autoDraw = False
321.0955 	EXP 	New trial (rep=170, index=0): None
321.1002 	DATA 	Keypress: down
321.1045 	EXP 	fixation: autoDraw = False
321.1045 	EXP 	grating: autoDraw = False
321.1045 	EXP 	grating: ori = 3.0
321.1045 	EXP 	fixation: autoDraw = True
322.0906 	EXP 	grating: autoDraw = True
322.1003 	EXP 	fixation: autoDraw = False
322.3894 	EXP 	grating: autoDraw = False
323.1076 	EXP 	New trial (rep=171, index=0): None
323.1125 	DATA 	Keypress: down
323.1177 	EXP 	fixation: autoDraw = False
323.1177 	EXP 	grating: autoDraw = False
323.1177 	EXP 	grating: ori = 0.0
323.1177 	EXP 	fixation: autoDraw = True
324.0998 	EXP 	grating: autoDraw = True
324.1170 	EXP 	fixation: autoDraw = False
324.3891 	EXP 	grating: autoDraw = False
324.6903 	EXP 	New trial (rep=172, index=0): None
324.6949 	DATA 	Keypress: up
324.7001 	EXP 	fixation: autoDraw = False
324.7001 	EXP 	grating: autoDraw = False
324.7001 	EXP 	grating: ori = 0.0
324.7001 	EXP 	fixation: autoDraw = True
325.6834 	EXP 	grating: autoDraw = True
325.6890 	EXP 	fixation: autoDraw = False
325.9723 	EXP 	grating: autoDraw = False
326.1960 	EXP 	New trial (rep=173, index=0): None
326.2007 	DATA 	Keypress: up
326.2050 	EXP 	fixation: autoDraw = False
326.2050 	EXP 	grating: autoDraw = False
326.2050 	EXP 	grating: ori = 0.0
326.2050 	EXP 	fixation: autoDraw = True
327.1911 	EXP 	grating: autoDraw = True
327.2001 	EXP 	fixation: autoDraw = False
327.4893 	EXP 	grating: autoDraw = False
327.6629 	EXP 	New trial (rep=174, index=0): None
327.6675 	DATA 	Keypress: up
327.6718 	EXP 	fixation: autoDraw = False
327.6718 	EXP 	grating: autoDraw = False
327.6718 	EXP 	grating: ori = 0.0
327.6718 	EXP 	fixation: autoDraw = True
328.6583 	EXP 	grating: autoDraw = True
328.6670 	EXP 	fixation: autoDraw = False
328.9559 	EXP 	grating: autoDraw = False
329.0792 	EXP 	New trial (rep=175, index=0): None
329.0839 	DATA 	Keypress: up
329.0882 	EXP 	fixation: autoDraw = False
329.0882 	EXP 	grating: autoDraw = False
329.0882 	EXP 	grating: ori = 0.0
329.0882 	EXP 	fixation: autoDraw = True
330.0736 	EXP 	grating: autoDraw = True
330.0839 	EXP 	fixation: autoDraw = False
330.3673 	EXP 	grating: autoDraw = False
330.4573 	EXP 	New trial (rep=176, index=0): None
330.4620 	DATA 	Keypress: up
330.4673 	EXP 	fixation: autoDraw = False
330.4673 	EXP 	grating: autoDraw = False
330.4673 	EXP 	grating: ori = -2.0
330.4673 	EXP 	fixation: autoDraw = True
331.4501 	EXP 	grating: autoDraw = True
331.4559 	EXP 	fixation: autoDraw = False
331.7396 	EXP 	grating: autoDraw = False
332.2284 	EXP 	New trial (rep=177, index=0): None
332.2331 	DATA 	Keypress: down
332.2375 	EXP 	fixation: autoDraw = False
332.2375 	EXP 	grating: autoDraw = False
332.2375 	EXP 	grating: ori = -4.0
332.2375 	EXP 	fixation: autoDraw = True
333.2247 	EXP 	grating: autoDraw = True
333.2339 	EXP 	fixation: autoDraw = False
333.5231 	EXP 	grating: autoDraw = False
333.8237 	EXP 	New trial (rep=178, index=0): None
333.8284 	DATA 	Keypress: down
333.8337 	EXP 	fixation: autoDraw = False
333.8337 	EXP 	grating: autoDraw = False
333.8337 	EXP 	grating: ori = -1.0
333.8337 	EXP 	fixation: autoDraw = True
334.8170 	EXP 	grating: autoDraw = True
334.8224 	EXP 	fixation: autoDraw = False
335.1064 	EXP 	grating: autoDraw = False
336.5239 	EXP 	New trial (rep=179, index=0): None
336.5287 	DATA 	Keypress: down
336.5338 	EXP 	fixation: autoDraw = False
336.5338 	EXP 	grating: autoDraw = False
336.5338 	EXP 	grating: ori = 1.0
336.5338 	EXP 	fixation: autoDraw = True
337.5170 	EXP 	grating: autoDraw = True
337.5225 	EXP 	fixation: autoDraw = False
337.8063 	EXP 	grating: autoDraw = False
338.0915 	EXP 	New trial (rep=180, index=0): None
338.0963 	DATA 	Keypress: up
338.1014 	EXP 	fixation: autoDraw = False
338.1014 	EXP 	grating: autoDraw = False
338.1014 	EXP 	grating: ori = 3.0
338.1014 	EXP 	fixation: autoDraw = True
339.0835 	EXP 	grating: autoDraw = True
339.1008 	EXP 	fixation: autoDraw = False
339.3730 	EXP 	grating: autoDraw = False
339.7087 	EXP 	New trial (rep=181, index=0): None
339.7137 	DATA 	Keypress: down
339.7186 	EXP 	fixation: autoDraw = False
339.7186 	EXP 	grating: autoDraw = False
339.7186 	EXP 	grating: ori = 0.0
339.7186 	EXP 	fixation: autoDraw = True
340.7003 	EXP 	grating: autoDraw = True
340.7175 	EXP 	fixation: autoDraw = False
340.9892 	EXP 	grating: autoDraw = False
342.4589 	EXP 	New trial (rep=182, index=0): None
342.4640 	DATA 	Keypress: down
342.4686 	EXP 	fixation: autoDraw = False
342.4686 	EXP 	grating: autoDraw = False
342.4686 	EXP 	grating: ori = -5.0
342.4686 	EXP 	fixation: autoDraw = True
343.4503 	EXP 	grating: autoDraw = True
343.4675 	EXP 	fixation: autoDraw = False
343.7396 	EXP 	grating: autoDraw = False
345.0415 	EXP 	New trial (rep=183, index=0): None
345.0464 	DATA 	Keypress: down
345.0515 	EXP 	fixation: autoDraw = False
345.0515 	EXP 	grating: autoDraw = False
345.0515 	EXP 	grating: ori = 1.0
345.0515 	EXP 	fixation: autoDraw = True
346.0337 	EXP 	grating: autoDraw = True
346.0508 	EXP 	fixation: autoDraw = False
346.3230 	EXP 	grating: autoDraw = False
346.7740 	EXP 	New trial (rep=184, index=0): None
346.7787 	DATA 	Keypress: up
346.7837 	EXP 	fixation: autoDraw = False
346.7837 	EXP 	grating: autoDraw = False
346.7837 	EXP 	grating: ori = 0.0
346.7837 	EXP 	fixation: autoDraw = True
347.7670 	EXP 	grating: autoDraw = True
347.7724 	EXP 	fixation: autoDraw = False
348.0568 	EXP 	grating: autoDraw = False
348.4730 	EXP 	New trial (rep=185, index=0): None
348.4780 	DATA 	Keypress: up
348.4832 	EXP 	fixation: autoDraw = False
348.4832 	EXP 	grating: autoDraw = False
348.4832 	EXP 	grating: ori = 0.0
348.4832 	EXP 	fixation: autoDraw = True
349.4672 	EXP 	grating: autoDraw = True
349.4724 	EXP 	fixation: autoDraw = False
349.7565 	EXP 	grating: autoDraw = False
350.0079 	EXP 	New trial (rep=186, index=0): None
350.0126 	DATA 	Keypress: up
350.0179 	EXP 	fixation: autoDraw = False
350.0179 	EXP 	grating: autoDraw = False
350.0179 	EXP 	grating: ori = 0.0
350.0179 	EXP 	fixation: autoDraw = True
351.0006 	EXP 	grating: autoDraw = True
351.0061 	EXP 	fixation: autoDraw = False
351.2901 	EXP 	grating: autoDraw = False
351.5414 	EXP 	New trial (rep=187, index=0): None
351.5460 	DATA 	Keypress: up
351.5512 	EXP 	fixation: autoDraw = False
351.5512 	EXP 	grating: autoDraw = False
351.5512 	EXP 	grating: ori = 0.0
351.5512 	EXP 	fixation: autoDraw = True
352.5339 	EXP 	grating: autoDraw = True
352.5395 	EXP 	fixation: autoDraw = False
352.8229 	EXP 	grating: autoDraw = False
353.0752 	EXP 	New trial (rep=188, index=0): None
353.0800 	DATA 	Keypress: up
353.0848 	EXP 	fixation: autoDraw = False
353.0848 	EXP 	grating: autoDraw = False
353.0848 	EXP 	grating: ori = 0.0
353.0848 	EXP 	fixation: autoDraw = True
354.0672 	EXP 	grating: autoDraw = True
354.0724 	EXP 	fixation: autoDraw = False
354.3568 	EXP 	grating: autoDraw = False
354.7426 	EXP 	New trial (rep=189, index=0): None
354.7474 	DATA 	Keypress: up
354.7520 	EXP 	fixation: autoDraw = False
354.7520 	EXP 	grating: autoDraw = False
354.7520 	EXP 	grating: ori = 0.0
354.7520 	EXP 	fixation: autoDraw = True
355.7339 	EXP 	grating: autoDraw = True
355.7511 	EXP 	fixation: autoDraw = False
356.0236 	EXP 	grating: autoDraw = False
356.1921 	EXP 	New trial (rep=190, index=0): None
356.1971 	DATA 	Keypress: up
356.2021 	EXP 	fixation: autoDraw = False
356.2021 	EXP 	grating: autoDraw = False
356.2021 	EXP 	grating: ori = 2.0
356.2021 	EXP 	fixation: autoDraw = True
357.1842 	EXP 	grating: autoDraw = True
357.2010 	EXP 	fixation: autoDraw = False
357.4731 	EXP 	grating: autoDraw = False
357.8418 	EXP 	New trial (rep=191, index=0): None
357.8466 	DATA 	Keypress: up
357.8515 	EXP 	fixation: autoDraw = False
357.8515 	EXP 	grating: autoDraw = False
357.8515 	EXP 	grating: ori = 0.0
357.8515 	EXP 	fixation: autoDraw = True
358.8341 	EXP 	grating: autoDraw = True
358.8397 	EXP 	fixation: autoDraw = False
359.1225 	EXP 	grating: autoDraw = False
359.2081 	EXP 	New trial (rep=192, index=0): None
359.2127 	DATA 	Keypress: up
359.2179 	EXP 	fixation: autoDraw = False
359.2179 	EXP 	grating: autoDraw = False
359.2179 	EXP 	grating: ori = 0.0
359.2179 	EXP 	fixation: autoDraw = True
360.2007 	EXP 	grating: autoDraw = True
360.2061 	EXP 	fixation: autoDraw = False
360.4907 	EXP 	grating: autoDraw = False
360.5415 	EXP 	New trial (rep=193, index=0): None
360.5461 	DATA 	Keypress: up
360.5515 	EXP 	fixation: autoDraw = False
360.5515 	EXP 	grating: autoDraw = False
360.5515 	EXP 	grating: ori = 0.0
360.5515 	EXP 	fixation: autoDraw = True
361.5345 	EXP 	grating: autoDraw = True
361.5400 	EXP 	fixation: autoDraw = False
361.8234 	EXP 	grating: autoDraw = False
361.8584 	EXP 	New trial (rep=194, index=0): None
361.8629 	DATA 	Keypress: up
361.8682 	EXP 	fixation: autoDraw = False
361.8682 	EXP 	grating: autoDraw = False
361.8682 	EXP 	grating: ori = 0.0
361.8682 	EXP 	fixation: autoDraw = True
362.8507 	EXP 	grating: autoDraw = True
362.8559 	EXP 	fixation: autoDraw = False
363.1414 	EXP 	grating: autoDraw = False
363.2586 	EXP 	New trial (rep=195, index=0): None
363.2634 	DATA 	Keypress: up
363.2685 	EXP 	fixation: autoDraw = False
363.2685 	EXP 	grating: autoDraw = False
363.2685 	EXP 	grating: ori = -4.0
363.2685 	EXP 	fixation: autoDraw = True
364.2508 	EXP 	grating: autoDraw = True
364.2680 	EXP 	fixation: autoDraw = False
364.5398 	EXP 	grating: autoDraw = False
364.5792 	EXP 	New trial (rep=196, index=0): None
364.5840 	DATA 	Keypress: up
364.5884 	EXP 	fixation: autoDraw = False
364.5884 	EXP 	grating: autoDraw = False
364.5884 	EXP 	grating: ori = -4.0
364.5884 	EXP 	fixation: autoDraw = True
365.5746 	EXP 	grating: autoDraw = True
365.5847 	EXP 	fixation: autoDraw = False
365.8682 	EXP 	grating: autoDraw = False
366.1308 	EXP 	New trial (rep=197, index=0): None
366.1353 	DATA 	Keypress: down
366.1398 	EXP 	fixation: autoDraw = False
366.1398 	EXP 	grating: autoDraw = False
366.1398 	EXP 	grating: ori = 1.0
366.1398 	EXP 	fixation: autoDraw = True
367.1257 	EXP 	grating: autoDraw = True
367.1345 	EXP 	fixation: autoDraw = False
367.4239 	EXP 	grating: autoDraw = False
367.7139 	EXP 	New trial (rep=198, index=0): None
367.7184 	DATA 	Keypress: up
367.7227 	EXP 	fixation: autoDraw = False
367.7227 	EXP 	grating: autoDraw = False
367.7227 	EXP 	grating: ori = 0.0
367.7227 	EXP 	fixation: autoDraw = True
368.7088 	EXP 	grating: autoDraw = True
368.7181 	EXP 	fixation: autoDraw = False
369.0016 	EXP 	grating: autoDraw = False
369.3746 	EXP 	New trial (rep=199, index=0): None
369.3793 	DATA 	Keypress: up
369.3845 	EXP 	fixation: autoDraw = False
369.3845 	EXP 	grating: autoDraw = False
369.3845 	EXP 	grating: ori = 0.0
369.3845 	EXP 	fixation: autoDraw = True
370.3677 	EXP 	grating: autoDraw = True
370.3732 	EXP 	fixation: autoDraw = False
370.6570 	EXP 	grating: autoDraw = False
370.9254 	DATA 	Keypress: up
370.9306 	EXP 	fixation: autoDraw = False
370.9306 	EXP 	grating: autoDraw = False
371.1506 	EXP 	window1: mouseVisible = True
